[debug] [2021-11-15T10:26:57.917Z] ----------------------------------------------------------------------
[debug] [2021-11-15T10:26:57.923Z] Command:       /home/animesh/.nvm/versions/node/v14.17.3/bin/node /home/animesh/.nvm/versions/node/v14.17.3/bin/firebase deploy
[debug] [2021-11-15T10:26:57.923Z] CLI Version:   9.20.0
[debug] [2021-11-15T10:26:57.923Z] Platform:      linux
[debug] [2021-11-15T10:26:57.923Z] Node Version:  v14.17.3
[debug] [2021-11-15T10:26:57.924Z] Time:          Mon Nov 15 2021 15:56:57 GMT+0530 (India Standard Time)
[debug] [2021-11-15T10:26:57.924Z] ----------------------------------------------------------------------
[debug] 
[debug] [2021-11-15T10:26:58.010Z] > command requires scopes: ["email","openid","https://www.googleapis.com/auth/cloudplatformprojects.readonly","https://www.googleapis.com/auth/firebase","https://www.googleapis.com/auth/cloud-platform"]
[debug] [2021-11-15T10:26:58.010Z] > authorizing via signed-in user (nautiyalanimesh@gmail.com)
[debug] [2021-11-15T10:26:58.010Z] [iam] checking project childnutritiontracker for permissions ["firebase.projects.get","firebasehosting.sites.update"]
[debug] [2021-11-15T10:26:58.014Z] > refreshing access token with scopes: ["email","https://www.googleapis.com/auth/cloud-platform","https://www.googleapis.com/auth/cloudplatformprojects.readonly","https://www.googleapis.com/auth/firebase","openid"]
[debug] [2021-11-15T10:26:58.014Z] >>> HTTP REQUEST POST https://www.googleapis.com/oauth2/v3/token  
 <request body omitted>
[debug] [2021-11-15T10:28:28.082Z] ----------------------------------------------------------------------
[debug] [2021-11-15T10:28:28.089Z] Command:       /home/animesh/.nvm/versions/node/v14.17.3/bin/node /home/animesh/.nvm/versions/node/v14.17.3/bin/firebase deploy
[debug] [2021-11-15T10:28:28.089Z] CLI Version:   9.20.0
[debug] [2021-11-15T10:28:28.090Z] Platform:      linux
[debug] [2021-11-15T10:28:28.090Z] Node Version:  v14.17.3
[debug] [2021-11-15T10:28:28.090Z] Time:          Mon Nov 15 2021 15:58:28 GMT+0530 (India Standard Time)
[debug] [2021-11-15T10:28:28.090Z] ----------------------------------------------------------------------
[debug] 
[debug] [2021-11-15T10:28:28.177Z] > command requires scopes: ["email","openid","https://www.googleapis.com/auth/cloudplatformprojects.readonly","https://www.googleapis.com/auth/firebase","https://www.googleapis.com/auth/cloud-platform"]
[debug] [2021-11-15T10:28:28.178Z] > authorizing via signed-in user (nautiyalanimesh@gmail.com)
[debug] [2021-11-15T10:28:28.178Z] [iam] checking project childnutritiontracker for permissions ["firebase.projects.get","firebasehosting.sites.update"]
[debug] [2021-11-15T10:28:28.182Z] > refreshing access token with scopes: ["email","https://www.googleapis.com/auth/cloud-platform","https://www.googleapis.com/auth/cloudplatformprojects.readonly","https://www.googleapis.com/auth/firebase","openid"]
[debug] [2021-11-15T10:28:28.182Z] >>> HTTP REQUEST POST https://www.googleapis.com/oauth2/v3/token  
 <request body omitted>
[debug] [2021-11-15T10:28:28.453Z] <<< HTTP RESPONSE 200 {"cache-control":"no-cache, no-store, max-age=0, must-revalidate","expires":"Mon, 01 Jan 1990 00:00:00 GMT","pragma":"no-cache","date":"Mon, 15 Nov 2021 10:28:28 GMT","content-type":"application/json; charset=utf-8","vary":"X-Origin, Referer, Origin,Accept-Encoding","server":"scaffolding on HTTPServer2","x-xss-protection":"0","x-frame-options":"SAMEORIGIN","x-content-type-options":"nosniff","alt-svc":"clear","accept-ranges":"none","transfer-encoding":"chunked"}
[debug] [2021-11-15T10:28:28.465Z] >>> HTTP REQUEST POST https://cloudresourcemanager.googleapis.com/v1/projects/childnutritiontracker:testIamPermissions  
 {"permissions":["firebase.projects.get","firebasehosting.sites.update"]}
[debug] [2021-11-15T10:28:29.999Z] <<< HTTP RESPONSE 200 {"content-type":"application/json; charset=UTF-8","vary":"X-Origin, Referer, Origin,Accept-Encoding","date":"Mon, 15 Nov 2021 10:28:29 GMT","server":"ESF","cache-control":"private","x-xss-protection":"0","x-frame-options":"SAMEORIGIN","x-content-type-options":"nosniff","server-timing":"gfet4t7; dur=1307","alt-svc":"clear","accept-ranges":"none","transfer-encoding":"chunked"}
[debug] [2021-11-15T10:28:30.001Z] > refreshing access token with scopes: []
[debug] [2021-11-15T10:28:30.002Z] >>> HTTP REQUEST POST https://www.googleapis.com/oauth2/v3/token  
 <request body omitted>
